{"/Users/apple/Downloads/pollenOS-windsurf/web-interface/server/analytics/agent-scoring.js": {"path":"/Users/apple/Downloads/pollenOS-windsurf/web-interface/server/analytics/agent-scoring.js","statementMap":{"0":{"start":{"line":1,"column":16},"end":{"line":1,"column":44}},"1":{"start":{"line":2,"column":13},"end":{"line":2,"column":28}},"2":{"start":{"line":3,"column":25},"end":{"line":3,"column":42}},"3":{"start":{"line":5,"column":15},"end":{"line":5,"column":67}},"4":{"start":{"line":6,"column":11},"end":{"line":6,"column":39}},"5":{"start":{"line":10,"column":8},"end":{"line":10,"column":16}},"6":{"start":{"line":11,"column":8},"end":{"line":11,"column":32}},"7":{"start":{"line":12,"column":8},"end":{"line":19,"column":10}},"8":{"start":{"line":22,"column":8},"end":{"line":22,"column":114}},"9":{"start":{"line":26,"column":8},"end":{"line":38,"column":11}},"10":{"start":{"line":42,"column":27},"end":{"line":42,"column":54}},"11":{"start":{"line":43,"column":27},"end":{"line":43,"column":60}},"12":{"start":{"line":44,"column":8},"end":{"line":44,"column":63}},"13":{"start":{"line":48,"column":32},"end":{"line":48,"column":58}},"14":{"start":{"line":48,"column":52},"end":{"line":48,"column":57}},"15":{"start":{"line":49,"column":8},"end":{"line":49,"column":62}},"16":{"start":{"line":53,"column":8},"end":{"line":62,"column":11}},"17":{"start":{"line":54,"column":12},"end":{"line":61,"column":14}},"18":{"start":{"line":58,"column":20},"end":{"line":58,"column":57}},"19":{"start":{"line":58,"column":37},"end":{"line":58,"column":57}},"20":{"start":{"line":59,"column":20},"end":{"line":59,"column":52}},"21":{"start":{"line":66,"column":8},"end":{"line":82,"column":11}},"22":{"start":{"line":67,"column":12},"end":{"line":81,"column":14}},"23":{"start":{"line":75,"column":20},"end":{"line":75,"column":57}},"24":{"start":{"line":75,"column":37},"end":{"line":75,"column":57}},"25":{"start":{"line":77,"column":37},"end":{"line":77,"column":77}},"26":{"start":{"line":78,"column":38},"end":{"line":78,"column":76}},"27":{"start":{"line":79,"column":20},"end":{"line":79,"column":56}},"28":{"start":{"line":86,"column":19},"end":{"line":86,"column":28}},"29":{"start":{"line":87,"column":26},"end":{"line":87,"column":27}},"30":{"start":{"line":89,"column":8},"end":{"line":93,"column":9}},"31":{"start":{"line":90,"column":12},"end":{"line":90,"column":39}},"32":{"start":{"line":90,"column":28},"end":{"line":90,"column":39}},"33":{"start":{"line":91,"column":29},"end":{"line":91,"column":48}},"34":{"start":{"line":92,"column":12},"end":{"line":92,"column":63}},"35":{"start":{"line":92,"column":40},"end":{"line":92,"column":63}},"36":{"start":{"line":95,"column":8},"end":{"line":95,"column":27}},"37":{"start":{"line":99,"column":8},"end":{"line":160,"column":9}},"38":{"start":{"line":101,"column":50},"end":{"line":104,"column":14}},"39":{"start":{"line":106,"column":12},"end":{"line":106,"column":43}},"40":{"start":{"line":106,"column":36},"end":{"line":106,"column":43}},"41":{"start":{"line":109,"column":33},"end":{"line":109,"column":79}},"42":{"start":{"line":110,"column":32},"end":{"line":110,"column":77}},"43":{"start":{"line":111,"column":38},"end":{"line":111,"column":82}},"44":{"start":{"line":112,"column":31},"end":{"line":112,"column":73}},"45":{"start":{"line":113,"column":29},"end":{"line":113,"column":69}},"46":{"start":{"line":116,"column":30},"end":{"line":122,"column":19}},"47":{"start":{"line":125,"column":33},"end":{"line":125,"column":109}},"48":{"start":{"line":128,"column":12},"end":{"line":157,"column":14}},"49":{"start":{"line":151,"column":20},"end":{"line":154,"column":21}},"50":{"start":{"line":152,"column":24},"end":{"line":152,"column":74}},"51":{"start":{"line":153,"column":24},"end":{"line":153,"column":31}},"52":{"start":{"line":155,"column":20},"end":{"line":155,"column":71}},"53":{"start":{"line":159,"column":12},"end":{"line":159,"column":63}},"54":{"start":{"line":164,"column":8},"end":{"line":170,"column":9}},"55":{"start":{"line":166,"column":12},"end":{"line":166,"column":80}},"56":{"start":{"line":168,"column":12},"end":{"line":168,"column":72}},"57":{"start":{"line":169,"column":12},"end":{"line":169,"column":21}},"58":{"start":{"line":174,"column":8},"end":{"line":202,"column":11}},"59":{"start":{"line":175,"column":12},"end":{"line":201,"column":14}},"60":{"start":{"line":198,"column":20},"end":{"line":198,"column":48}},"61":{"start":{"line":198,"column":29},"end":{"line":198,"column":48}},"62":{"start":{"line":199,"column":20},"end":{"line":199,"column":40}},"63":{"start":{"line":207,"column":8},"end":{"line":207,"column":70}},"64":{"start":{"line":207,"column":38},"end":{"line":207,"column":43}},"65":{"start":{"line":211,"column":21},"end":{"line":211,"column":48}},"66":{"start":{"line":212,"column":29},"end":{"line":212,"column":68}},"67":{"start":{"line":212,"column":46},"end":{"line":212,"column":67}},"68":{"start":{"line":213,"column":8},"end":{"line":213,"column":59}},"69":{"start":{"line":217,"column":8},"end":{"line":230,"column":11}},"70":{"start":{"line":218,"column":12},"end":{"line":229,"column":14}},"71":{"start":{"line":226,"column":20},"end":{"line":226,"column":57}},"72":{"start":{"line":226,"column":38},"end":{"line":226,"column":57}},"73":{"start":{"line":227,"column":20},"end":{"line":227,"column":59}},"74":{"start":{"line":227,"column":42},"end":{"line":227,"column":56}},"75":{"start":{"line":235,"column":0},"end":{"line":238,"column":2}}},"fnMap":{"0":{"name":"(anonymous_0)","decl":{"start":{"line":9,"column":4},"end":{"line":9,"column":5}},"loc":{"start":{"line":9,"column":30},"end":{"line":23,"column":5}},"line":9},"1":{"name":"(anonymous_1)","decl":{"start":{"line":25,"column":4},"end":{"line":25,"column":5}},"loc":{"start":{"line":25,"column":23},"end":{"line":39,"column":5}},"line":25},"2":{"name":"(anonymous_2)","decl":{"start":{"line":41,"column":4},"end":{"line":41,"column":5}},"loc":{"start":{"line":41,"column":67},"end":{"line":45,"column":5}},"line":41},"3":{"name":"(anonymous_3)","decl":{"start":{"line":47,"column":4},"end":{"line":47,"column":5}},"loc":{"start":{"line":47,"column":45},"end":{"line":50,"column":5}},"line":47},"4":{"name":"(anonymous_4)","decl":{"start":{"line":48,"column":47},"end":{"line":48,"column":48}},"loc":{"start":{"line":48,"column":52},"end":{"line":48,"column":57}},"line":48},"5":{"name":"(anonymous_5)","decl":{"start":{"line":52,"column":4},"end":{"line":52,"column":5}},"loc":{"start":{"line":52,"column":44},"end":{"line":63,"column":5}},"line":52},"6":{"name":"(anonymous_6)","decl":{"start":{"line":53,"column":27},"end":{"line":53,"column":28}},"loc":{"start":{"line":53,"column":40},"end":{"line":62,"column":9}},"line":53},"7":{"name":"(anonymous_7)","decl":{"start":{"line":57,"column":16},"end":{"line":57,"column":17}},"loc":{"start":{"line":57,"column":30},"end":{"line":60,"column":17}},"line":57},"8":{"name":"(anonymous_8)","decl":{"start":{"line":65,"column":4},"end":{"line":65,"column":5}},"loc":{"start":{"line":65,"column":42},"end":{"line":83,"column":5}},"line":65},"9":{"name":"(anonymous_9)","decl":{"start":{"line":66,"column":27},"end":{"line":66,"column":28}},"loc":{"start":{"line":66,"column":40},"end":{"line":82,"column":9}},"line":66},"10":{"name":"(anonymous_10)","decl":{"start":{"line":74,"column":16},"end":{"line":74,"column":17}},"loc":{"start":{"line":74,"column":30},"end":{"line":80,"column":17}},"line":74},"11":{"name":"(anonymous_11)","decl":{"start":{"line":85,"column":4},"end":{"line":85,"column":5}},"loc":{"start":{"line":85,"column":40},"end":{"line":96,"column":5}},"line":85},"12":{"name":"(anonymous_12)","decl":{"start":{"line":98,"column":4},"end":{"line":98,"column":5}},"loc":{"start":{"line":98,"column":34},"end":{"line":161,"column":5}},"line":98},"13":{"name":"(anonymous_13)","decl":{"start":{"line":150,"column":16},"end":{"line":150,"column":17}},"loc":{"start":{"line":150,"column":25},"end":{"line":156,"column":17}},"line":150},"14":{"name":"(anonymous_14)","decl":{"start":{"line":163,"column":4},"end":{"line":163,"column":5}},"loc":{"start":{"line":163,"column":39},"end":{"line":171,"column":5}},"line":163},"15":{"name":"(anonymous_15)","decl":{"start":{"line":173,"column":4},"end":{"line":173,"column":5}},"loc":{"start":{"line":173,"column":27},"end":{"line":203,"column":5}},"line":173},"16":{"name":"(anonymous_16)","decl":{"start":{"line":174,"column":27},"end":{"line":174,"column":28}},"loc":{"start":{"line":174,"column":48},"end":{"line":202,"column":9}},"line":174},"17":{"name":"(anonymous_17)","decl":{"start":{"line":197,"column":16},"end":{"line":197,"column":17}},"loc":{"start":{"line":197,"column":31},"end":{"line":200,"column":17}},"line":197},"18":{"name":"(anonymous_18)","decl":{"start":{"line":206,"column":4},"end":{"line":206,"column":5}},"loc":{"start":{"line":206,"column":25},"end":{"line":208,"column":5}},"line":206},"19":{"name":"(anonymous_19)","decl":{"start":{"line":207,"column":28},"end":{"line":207,"column":29}},"loc":{"start":{"line":207,"column":38},"end":{"line":207,"column":43}},"line":207},"20":{"name":"(anonymous_20)","decl":{"start":{"line":210,"column":4},"end":{"line":210,"column":5}},"loc":{"start":{"line":210,"column":33},"end":{"line":214,"column":5}},"line":210},"21":{"name":"(anonymous_21)","decl":{"start":{"line":212,"column":41},"end":{"line":212,"column":42}},"loc":{"start":{"line":212,"column":46},"end":{"line":212,"column":67}},"line":212},"22":{"name":"(anonymous_22)","decl":{"start":{"line":216,"column":4},"end":{"line":216,"column":5}},"loc":{"start":{"line":216,"column":49},"end":{"line":231,"column":5}},"line":216},"23":{"name":"(anonymous_23)","decl":{"start":{"line":217,"column":27},"end":{"line":217,"column":28}},"loc":{"start":{"line":217,"column":40},"end":{"line":230,"column":9}},"line":217},"24":{"name":"(anonymous_24)","decl":{"start":{"line":225,"column":16},"end":{"line":225,"column":17}},"loc":{"start":{"line":225,"column":31},"end":{"line":228,"column":17}},"line":225},"25":{"name":"(anonymous_25)","decl":{"start":{"line":227,"column":37},"end":{"line":227,"column":38}},"loc":{"start":{"line":227,"column":42},"end":{"line":227,"column":56}},"line":227}},"branchMap":{"0":{"loc":{"start":{"line":9,"column":16},"end":{"line":9,"column":28}},"type":"default-arg","locations":[{"start":{"line":9,"column":26},"end":{"line":9,"column":28}}],"line":9},"1":{"loc":{"start":{"line":22,"column":36},"end":{"line":22,"column":113}},"type":"binary-expr","locations":[{"start":{"line":22,"column":36},"end":{"line":22,"column":64}},{"start":{"line":22,"column":68},"end":{"line":22,"column":113}}],"line":22},"2":{"loc":{"start":{"line":41,"column":46},"end":{"line":41,"column":65}},"type":"default-arg","locations":[{"start":{"line":41,"column":61},"end":{"line":41,"column":65}}],"line":41},"3":{"loc":{"start":{"line":44,"column":46},"end":{"line":44,"column":61}},"type":"binary-expr","locations":[{"start":{"line":44,"column":46},"end":{"line":44,"column":56}},{"start":{"line":44,"column":60},"end":{"line":44,"column":61}}],"line":44},"4":{"loc":{"start":{"line":49,"column":41},"end":{"line":49,"column":60}},"type":"binary-expr","locations":[{"start":{"line":49,"column":41},"end":{"line":49,"column":55}},{"start":{"line":49,"column":59},"end":{"line":49,"column":60}}],"line":49},"5":{"loc":{"start":{"line":58,"column":20},"end":{"line":58,"column":57}},"type":"if","locations":[{"start":{"line":58,"column":20},"end":{"line":58,"column":57}},{"start":{},"end":{}}],"line":58},"6":{"loc":{"start":{"line":58,"column":24},"end":{"line":58,"column":35}},"type":"binary-expr","locations":[{"start":{"line":58,"column":24},"end":{"line":58,"column":27}},{"start":{"line":58,"column":31},"end":{"line":58,"column":35}}],"line":58},"7":{"loc":{"start":{"line":75,"column":20},"end":{"line":75,"column":57}},"type":"if","locations":[{"start":{"line":75,"column":20},"end":{"line":75,"column":57}},{"start":{},"end":{}}],"line":75},"8":{"loc":{"start":{"line":75,"column":24},"end":{"line":75,"column":35}},"type":"binary-expr","locations":[{"start":{"line":75,"column":24},"end":{"line":75,"column":27}},{"start":{"line":75,"column":31},"end":{"line":75,"column":35}}],"line":75},"9":{"loc":{"start":{"line":90,"column":12},"end":{"line":90,"column":39}},"type":"if","locations":[{"start":{"line":90,"column":12},"end":{"line":90,"column":39}},{"start":{},"end":{}}],"line":90},"10":{"loc":{"start":{"line":92,"column":12},"end":{"line":92,"column":63}},"type":"if","locations":[{"start":{"line":92,"column":12},"end":{"line":92,"column":63}},{"start":{},"end":{}}],"line":92},"11":{"loc":{"start":{"line":106,"column":12},"end":{"line":106,"column":43}},"type":"if","locations":[{"start":{"line":106,"column":12},"end":{"line":106,"column":43}},{"start":{},"end":{}}],"line":106},"12":{"loc":{"start":{"line":151,"column":20},"end":{"line":154,"column":21}},"type":"if","locations":[{"start":{"line":151,"column":20},"end":{"line":154,"column":21}},{"start":{},"end":{}}],"line":151},"13":{"loc":{"start":{"line":198,"column":20},"end":{"line":198,"column":48}},"type":"if","locations":[{"start":{"line":198,"column":20},"end":{"line":198,"column":48}},{"start":{},"end":{}}],"line":198},"14":{"loc":{"start":{"line":199,"column":28},"end":{"line":199,"column":38}},"type":"binary-expr","locations":[{"start":{"line":199,"column":28},"end":{"line":199,"column":32}},{"start":{"line":199,"column":36},"end":{"line":199,"column":38}}],"line":199},"15":{"loc":{"start":{"line":207,"column":51},"end":{"line":207,"column":68}},"type":"binary-expr","locations":[{"start":{"line":207,"column":51},"end":{"line":207,"column":63}},{"start":{"line":207,"column":67},"end":{"line":207,"column":68}}],"line":207},"16":{"loc":{"start":{"line":216,"column":38},"end":{"line":216,"column":47}},"type":"default-arg","locations":[{"start":{"line":216,"column":45},"end":{"line":216,"column":47}}],"line":216},"17":{"loc":{"start":{"line":226,"column":20},"end":{"line":226,"column":57}},"type":"if","locations":[{"start":{"line":226,"column":20},"end":{"line":226,"column":57}},{"start":{},"end":{}}],"line":226},"18":{"loc":{"start":{"line":226,"column":24},"end":{"line":226,"column":36}},"type":"binary-expr","locations":[{"start":{"line":226,"column":24},"end":{"line":226,"column":27}},{"start":{"line":226,"column":31},"end":{"line":226,"column":36}}],"line":226}},"s":{"0":1,"1":1,"2":1,"3":1,"4":1,"5":5,"6":5,"7":5,"8":5,"9":5,"10":0,"11":0,"12":0,"13":0,"14":0,"15":0,"16":0,"17":0,"18":0,"19":0,"20":0,"21":0,"22":0,"23":0,"24":0,"25":0,"26":0,"27":0,"28":0,"29":0,"30":0,"31":0,"32":0,"33":0,"34":0,"35":0,"36":0,"37":1,"38":1,"39":1,"40":0,"41":1,"42":1,"43":1,"44":1,"45":1,"46":1,"47":1,"48":1,"49":1,"50":0,"51":0,"52":1,"53":0,"54":3,"55":3,"56":1,"57":1,"58":1,"59":1,"60":1,"61":0,"62":1,"63":0,"64":0,"65":0,"66":0,"67":0,"68":0,"69":0,"70":0,"71":0,"72":0,"73":0,"74":0,"75":1},"f":{"0":5,"1":5,"2":0,"3":0,"4":0,"5":0,"6":0,"7":0,"8":0,"9":0,"10":0,"11":0,"12":1,"13":1,"14":3,"15":1,"16":1,"17":1,"18":0,"19":0,"20":0,"21":0,"22":0,"23":0,"24":0,"25":0},"b":{"0":[1],"1":[5,1],"2":[0],"3":[0,0],"4":[0,0],"5":[0,0],"6":[0,0],"7":[0,0],"8":[0,0],"9":[0,0],"10":[0,0],"11":[0,1],"12":[0,1],"13":[0,1],"14":[1,0],"15":[0,0],"16":[0],"17":[0,0],"18":[0,0]},"_coverageSchema":"1a1c01bbd47fc00a2c39e90264f33305004495a9","hash":"f285a54195472ee4cbe0b2f7a4e4fa22f669b336"}
,"/Users/apple/Downloads/pollenOS-windsurf/web-interface/server/analytics/market-predictor.js": {"path":"/Users/apple/Downloads/pollenOS-windsurf/web-interface/server/analytics/market-predictor.js","statementMap":{"0":{"start":{"line":1,"column":16},"end":{"line":1,"column":34}},"1":{"start":{"line":2,"column":13},"end":{"line":2,"column":28}},"2":{"start":{"line":4,"column":15},"end":{"line":4,"column":67}},"3":{"start":{"line":5,"column":11},"end":{"line":5,"column":39}},"4":{"start":{"line":9,"column":8},"end":{"line":9,"column":32}},"5":{"start":{"line":13,"column":8},"end":{"line":30,"column":11}},"6":{"start":{"line":34,"column":8},"end":{"line":46,"column":9}},"7":{"start":{"line":35,"column":31},"end":{"line":39,"column":13}},"8":{"start":{"line":41,"column":12},"end":{"line":41,"column":58}},"9":{"start":{"line":42,"column":12},"end":{"line":42,"column":30}},"10":{"start":{"line":44,"column":12},"end":{"line":44,"column":76}},"11":{"start":{"line":45,"column":12},"end":{"line":45,"column":24}},"12":{"start":{"line":50,"column":25},"end":{"line":50,"column":54}},"13":{"start":{"line":51,"column":24},"end":{"line":51,"column":53}},"14":{"start":{"line":52,"column":25},"end":{"line":52,"column":43}},"15":{"start":{"line":53,"column":27},"end":{"line":53,"column":57}},"16":{"start":{"line":54,"column":8},"end":{"line":54,"column":37}},"17":{"start":{"line":58,"column":22},"end":{"line":58,"column":24}},"18":{"start":{"line":59,"column":23},"end":{"line":59,"column":25}},"19":{"start":{"line":61,"column":8},"end":{"line":65,"column":9}},"20":{"start":{"line":61,"column":21},"end":{"line":61,"column":22}},"21":{"start":{"line":62,"column":27},"end":{"line":62,"column":52}},"22":{"start":{"line":63,"column":12},"end":{"line":64,"column":38}},"23":{"start":{"line":63,"column":28},"end":{"line":63,"column":47}},"24":{"start":{"line":64,"column":17},"end":{"line":64,"column":38}},"25":{"start":{"line":67,"column":24},"end":{"line":67,"column":65}},"26":{"start":{"line":67,"column":47},"end":{"line":67,"column":52}},"27":{"start":{"line":68,"column":24},"end":{"line":68,"column":66}},"28":{"start":{"line":68,"column":48},"end":{"line":68,"column":53}},"29":{"start":{"line":70,"column":8},"end":{"line":70,"column":55}},"30":{"start":{"line":74,"column":21},"end":{"line":74,"column":70}},"31":{"start":{"line":74,"column":45},"end":{"line":74,"column":50}},"32":{"start":{"line":75,"column":23},"end":{"line":77,"column":9}},"33":{"start":{"line":76,"column":42},"end":{"line":76,"column":73}},"34":{"start":{"line":79,"column":8},"end":{"line":82,"column":10}},"35":{"start":{"line":86,"column":27},"end":{"line":86,"column":43}},"36":{"start":{"line":87,"column":18},"end":{"line":87,"column":27}},"37":{"start":{"line":89,"column":8},"end":{"line":91,"column":9}},"38":{"start":{"line":89,"column":21},"end":{"line":89,"column":22}},"39":{"start":{"line":90,"column":12},"end":{"line":90,"column":55}},"40":{"start":{"line":93,"column":8},"end":{"line":93,"column":19}},"41":{"start":{"line":97,"column":21},"end":{"line":101,"column":10}},"42":{"start":{"line":103,"column":8},"end":{"line":107,"column":11}},"43":{"start":{"line":111,"column":8},"end":{"line":116,"column":23}},"44":{"start":{"line":120,"column":8},"end":{"line":132,"column":9}},"45":{"start":{"line":121,"column":31},"end":{"line":125,"column":13}},"46":{"start":{"line":127,"column":12},"end":{"line":127,"column":58}},"47":{"start":{"line":128,"column":12},"end":{"line":128,"column":30}},"48":{"start":{"line":130,"column":12},"end":{"line":130,"column":55}},"49":{"start":{"line":131,"column":12},"end":{"line":131,"column":24}},"50":{"start":{"line":137,"column":24},"end":{"line":141,"column":9}},"51":{"start":{"line":143,"column":25},"end":{"line":143,"column":26}},"52":{"start":{"line":144,"column":8},"end":{"line":147,"column":9}},"53":{"start":{"line":145,"column":26},"end":{"line":145,"column":41}},"54":{"start":{"line":146,"column":12},"end":{"line":146,"column":41}},"55":{"start":{"line":149,"column":8},"end":{"line":149,"column":26}},"56":{"start":{"line":154,"column":27},"end":{"line":155,"column":82}},"57":{"start":{"line":157,"column":8},"end":{"line":157,"column":26}},"58":{"start":{"line":161,"column":21},"end":{"line":165,"column":10}},"59":{"start":{"line":167,"column":8},"end":{"line":172,"column":10}},"60":{"start":{"line":176,"column":0},"end":{"line":176,"column":39}}},"fnMap":{"0":{"name":"(anonymous_0)","decl":{"start":{"line":8,"column":4},"end":{"line":8,"column":5}},"loc":{"start":{"line":8,"column":18},"end":{"line":10,"column":5}},"line":8},"1":{"name":"(anonymous_1)","decl":{"start":{"line":12,"column":4},"end":{"line":12,"column":5}},"loc":{"start":{"line":12,"column":23},"end":{"line":31,"column":5}},"line":12},"2":{"name":"(anonymous_2)","decl":{"start":{"line":33,"column":4},"end":{"line":33,"column":5}},"loc":{"start":{"line":33,"column":55},"end":{"line":47,"column":5}},"line":33},"3":{"name":"(anonymous_3)","decl":{"start":{"line":49,"column":4},"end":{"line":49,"column":5}},"loc":{"start":{"line":49,"column":26},"end":{"line":55,"column":5}},"line":49},"4":{"name":"(anonymous_4)","decl":{"start":{"line":57,"column":4},"end":{"line":57,"column":5}},"loc":{"start":{"line":57,"column":38},"end":{"line":71,"column":5}},"line":57},"5":{"name":"(anonymous_5)","decl":{"start":{"line":67,"column":37},"end":{"line":67,"column":38}},"loc":{"start":{"line":67,"column":47},"end":{"line":67,"column":52}},"line":67},"6":{"name":"(anonymous_6)","decl":{"start":{"line":68,"column":38},"end":{"line":68,"column":39}},"loc":{"start":{"line":68,"column":48},"end":{"line":68,"column":53}},"line":68},"7":{"name":"(anonymous_7)","decl":{"start":{"line":73,"column":4},"end":{"line":73,"column":5}},"loc":{"start":{"line":73,"column":44},"end":{"line":83,"column":5}},"line":73},"8":{"name":"(anonymous_8)","decl":{"start":{"line":74,"column":35},"end":{"line":74,"column":36}},"loc":{"start":{"line":74,"column":45},"end":{"line":74,"column":50}},"line":74},"9":{"name":"(anonymous_9)","decl":{"start":{"line":76,"column":26},"end":{"line":76,"column":27}},"loc":{"start":{"line":76,"column":42},"end":{"line":76,"column":73}},"line":76},"10":{"name":"(anonymous_10)","decl":{"start":{"line":85,"column":4},"end":{"line":85,"column":5}},"loc":{"start":{"line":85,"column":33},"end":{"line":94,"column":5}},"line":85},"11":{"name":"(anonymous_11)","decl":{"start":{"line":96,"column":4},"end":{"line":96,"column":5}},"loc":{"start":{"line":96,"column":45},"end":{"line":108,"column":5}},"line":96},"12":{"name":"(anonymous_12)","decl":{"start":{"line":110,"column":4},"end":{"line":110,"column":5}},"loc":{"start":{"line":110,"column":38},"end":{"line":117,"column":5}},"line":110},"13":{"name":"(anonymous_13)","decl":{"start":{"line":119,"column":4},"end":{"line":119,"column":5}},"loc":{"start":{"line":119,"column":45},"end":{"line":133,"column":5}},"line":119},"14":{"name":"(anonymous_14)","decl":{"start":{"line":135,"column":4},"end":{"line":135,"column":5}},"loc":{"start":{"line":135,"column":41},"end":{"line":150,"column":5}},"line":135},"15":{"name":"(anonymous_15)","decl":{"start":{"line":152,"column":4},"end":{"line":152,"column":5}},"loc":{"start":{"line":152,"column":36},"end":{"line":158,"column":5}},"line":152},"16":{"name":"(anonymous_16)","decl":{"start":{"line":160,"column":4},"end":{"line":160,"column":5}},"loc":{"start":{"line":160,"column":45},"end":{"line":173,"column":5}},"line":160}},"branchMap":{"0":{"loc":{"start":{"line":57,"column":25},"end":{"line":57,"column":36}},"type":"default-arg","locations":[{"start":{"line":57,"column":34},"end":{"line":57,"column":36}}],"line":57},"1":{"loc":{"start":{"line":63,"column":12},"end":{"line":64,"column":38}},"type":"if","locations":[{"start":{"line":63,"column":12},"end":{"line":64,"column":38}},{"start":{"line":64,"column":17},"end":{"line":64,"column":38}}],"line":63},"2":{"loc":{"start":{"line":73,"column":31},"end":{"line":73,"column":42}},"type":"default-arg","locations":[{"start":{"line":73,"column":40},"end":{"line":73,"column":42}}],"line":73},"3":{"loc":{"start":{"line":154,"column":27},"end":{"line":155,"column":82}},"type":"cond-expr","locations":[{"start":{"line":154,"column":74},"end":{"line":154,"column":77}},{"start":{"line":155,"column":26},"end":{"line":155,"column":82}}],"line":154},"4":{"loc":{"start":{"line":154,"column":28},"end":{"line":154,"column":70}},"type":"binary-expr","locations":[{"start":{"line":154,"column":28},"end":{"line":154,"column":47}},{"start":{"line":154,"column":51},"end":{"line":154,"column":70}}],"line":154},"5":{"loc":{"start":{"line":155,"column":26},"end":{"line":155,"column":82}},"type":"cond-expr","locations":[{"start":{"line":155,"column":73},"end":{"line":155,"column":76}},{"start":{"line":155,"column":79},"end":{"line":155,"column":82}}],"line":155},"6":{"loc":{"start":{"line":155,"column":27},"end":{"line":155,"column":69}},"type":"binary-expr","locations":[{"start":{"line":155,"column":27},"end":{"line":155,"column":46}},{"start":{"line":155,"column":50},"end":{"line":155,"column":69}}],"line":155}},"s":{"0":0,"1":0,"2":0,"3":0,"4":0,"5":0,"6":0,"7":0,"8":0,"9":0,"10":0,"11":0,"12":0,"13":0,"14":0,"15":0,"16":0,"17":0,"18":0,"19":0,"20":0,"21":0,"22":0,"23":0,"24":0,"25":0,"26":0,"27":0,"28":0,"29":0,"30":0,"31":0,"32":0,"33":0,"34":0,"35":0,"36":0,"37":0,"38":0,"39":0,"40":0,"41":0,"42":0,"43":0,"44":0,"45":0,"46":0,"47":0,"48":0,"49":0,"50":0,"51":0,"52":0,"53":0,"54":0,"55":0,"56":0,"57":0,"58":0,"59":0,"60":0},"f":{"0":0,"1":0,"2":0,"3":0,"4":0,"5":0,"6":0,"7":0,"8":0,"9":0,"10":0,"11":0,"12":0,"13":0,"14":0,"15":0,"16":0},"b":{"0":[0],"1":[0,0],"2":[0],"3":[0,0],"4":[0,0],"5":[0,0],"6":[0,0]}}
,"/Users/apple/Downloads/pollenOS-windsurf/web-interface/server/analytics/performance-benchmark.js": {"path":"/Users/apple/Downloads/pollenOS-windsurf/web-interface/server/analytics/performance-benchmark.js","statementMap":{"0":{"start":{"line":1,"column":16},"end":{"line":1,"column":34}},"1":{"start":{"line":2,"column":13},"end":{"line":2,"column":28}},"2":{"start":{"line":4,"column":15},"end":{"line":4,"column":67}},"3":{"start":{"line":5,"column":11},"end":{"line":5,"column":39}},"4":{"start":{"line":9,"column":8},"end":{"line":9,"column":32}},"5":{"start":{"line":13,"column":8},"end":{"line":31,"column":11}},"6":{"start":{"line":35,"column":27},"end":{"line":35,"column":54}},"7":{"start":{"line":36,"column":27},"end":{"line":36,"column":60}},"8":{"start":{"line":37,"column":8},"end":{"line":37,"column":56}},"9":{"start":{"line":41,"column":30},"end":{"line":41,"column":87}},"10":{"start":{"line":42,"column":8},"end":{"line":42,"column":31}},"11":{"start":{"line":46,"column":8},"end":{"line":60,"column":9}},"12":{"start":{"line":47,"column":28},"end":{"line":53,"column":13}},"13":{"start":{"line":55,"column":12},"end":{"line":55,"column":62}},"14":{"start":{"line":56,"column":12},"end":{"line":56,"column":27}},"15":{"start":{"line":58,"column":12},"end":{"line":58,"column":68}},"16":{"start":{"line":59,"column":12},"end":{"line":59,"column":24}},"17":{"start":{"line":64,"column":8},"end":{"line":64,"column":65}},"18":{"start":{"line":64,"column":39},"end":{"line":64,"column":44}},"19":{"start":{"line":68,"column":21},"end":{"line":68,"column":47}},"20":{"start":{"line":69,"column":29},"end":{"line":69,"column":71}},"21":{"start":{"line":69,"column":47},"end":{"line":69,"column":70}},"22":{"start":{"line":70,"column":8},"end":{"line":70,"column":82}},"23":{"start":{"line":70,"column":55},"end":{"line":70,"column":60}},"24":{"start":{"line":74,"column":18},"end":{"line":74,"column":27}},"25":{"start":{"line":75,"column":26},"end":{"line":75,"column":27}},"26":{"start":{"line":77,"column":8},"end":{"line":84,"column":9}},"27":{"start":{"line":77,"column":21},"end":{"line":77,"column":22}},"28":{"start":{"line":78,"column":12},"end":{"line":83,"column":13}},"29":{"start":{"line":79,"column":16},"end":{"line":79,"column":32}},"30":{"start":{"line":81,"column":33},"end":{"line":81,"column":56}},"31":{"start":{"line":82,"column":16},"end":{"line":82,"column":62}},"32":{"start":{"line":86,"column":8},"end":{"line":86,"column":27}},"33":{"start":{"line":90,"column":22},"end":{"line":90,"column":49}},"34":{"start":{"line":91,"column":22},"end":{"line":91,"column":49}},"35":{"start":{"line":93,"column":27},"end":{"line":95,"column":30}},"36":{"start":{"line":94,"column":12},"end":{"line":94,"column":63}},"37":{"start":{"line":97,"column":24},"end":{"line":97,"column":57}},"38":{"start":{"line":98,"column":24},"end":{"line":98,"column":57}},"39":{"start":{"line":100,"column":8},"end":{"line":100,"column":48}},"40":{"start":{"line":104,"column":18},"end":{"line":104,"column":32}},"41":{"start":{"line":105,"column":21},"end":{"line":105,"column":55}},"42":{"start":{"line":105,"column":46},"end":{"line":105,"column":51}},"43":{"start":{"line":106,"column":21},"end":{"line":106,"column":55}},"44":{"start":{"line":106,"column":46},"end":{"line":106,"column":51}},"45":{"start":{"line":107,"column":22},"end":{"line":107,"column":82}},"46":{"start":{"line":107,"column":55},"end":{"line":107,"column":78}},"47":{"start":{"line":108,"column":22},"end":{"line":108,"column":77}},"48":{"start":{"line":108,"column":51},"end":{"line":108,"column":73}},"49":{"start":{"line":110,"column":21},"end":{"line":110,"column":80}},"50":{"start":{"line":111,"column":22},"end":{"line":111,"column":46}},"51":{"start":{"line":113,"column":8},"end":{"line":113,"column":29}},"52":{"start":{"line":117,"column":30},"end":{"line":121,"column":10}},"53":{"start":{"line":123,"column":28},"end":{"line":127,"column":16}},"54":{"start":{"line":129,"column":28},"end":{"line":133,"column":10}},"55":{"start":{"line":135,"column":8},"end":{"line":137,"column":11}},"56":{"start":{"line":136,"column":12},"end":{"line":136,"column":53}},"57":{"start":{"line":141,"column":8},"end":{"line":146,"column":22}},"58":{"start":{"line":150,"column":8},"end":{"line":157,"column":34}},"59":{"start":{"line":161,"column":0},"end":{"line":161,"column":44}}},"fnMap":{"0":{"name":"(anonymous_0)","decl":{"start":{"line":8,"column":4},"end":{"line":8,"column":5}},"loc":{"start":{"line":8,"column":18},"end":{"line":10,"column":5}},"line":8},"1":{"name":"(anonymous_1)","decl":{"start":{"line":12,"column":4},"end":{"line":12,"column":5}},"loc":{"start":{"line":12,"column":23},"end":{"line":32,"column":5}},"line":12},"2":{"name":"(anonymous_2)","decl":{"start":{"line":34,"column":4},"end":{"line":34,"column":5}},"loc":{"start":{"line":34,"column":61},"end":{"line":38,"column":5}},"line":34},"3":{"name":"(anonymous_3)","decl":{"start":{"line":40,"column":4},"end":{"line":40,"column":5}},"loc":{"start":{"line":40,"column":56},"end":{"line":43,"column":5}},"line":40},"4":{"name":"(anonymous_4)","decl":{"start":{"line":45,"column":4},"end":{"line":45,"column":5}},"loc":{"start":{"line":45,"column":72},"end":{"line":61,"column":5}},"line":45},"5":{"name":"(anonymous_5)","decl":{"start":{"line":63,"column":4},"end":{"line":63,"column":5}},"loc":{"start":{"line":63,"column":26},"end":{"line":65,"column":5}},"line":63},"6":{"name":"(anonymous_6)","decl":{"start":{"line":64,"column":29},"end":{"line":64,"column":30}},"loc":{"start":{"line":64,"column":39},"end":{"line":64,"column":44}},"line":64},"7":{"name":"(anonymous_7)","decl":{"start":{"line":67,"column":4},"end":{"line":67,"column":5}},"loc":{"start":{"line":67,"column":32},"end":{"line":71,"column":5}},"line":67},"8":{"name":"(anonymous_8)","decl":{"start":{"line":69,"column":40},"end":{"line":69,"column":41}},"loc":{"start":{"line":69,"column":47},"end":{"line":69,"column":70}},"line":69},"9":{"name":"(anonymous_9)","decl":{"start":{"line":70,"column":45},"end":{"line":70,"column":46}},"loc":{"start":{"line":70,"column":55},"end":{"line":70,"column":60}},"line":70},"10":{"name":"(anonymous_10)","decl":{"start":{"line":73,"column":4},"end":{"line":73,"column":5}},"loc":{"start":{"line":73,"column":33},"end":{"line":87,"column":5}},"line":73},"11":{"name":"(anonymous_11)","decl":{"start":{"line":89,"column":4},"end":{"line":89,"column":5}},"loc":{"start":{"line":89,"column":43},"end":{"line":101,"column":5}},"line":89},"12":{"name":"(anonymous_12)","decl":{"start":{"line":93,"column":42},"end":{"line":93,"column":43}},"loc":{"start":{"line":93,"column":60},"end":{"line":95,"column":9}},"line":93},"13":{"name":"(anonymous_13)","decl":{"start":{"line":103,"column":4},"end":{"line":103,"column":5}},"loc":{"start":{"line":103,"column":48},"end":{"line":114,"column":5}},"line":103},"14":{"name":"(anonymous_14)","decl":{"start":{"line":105,"column":36},"end":{"line":105,"column":37}},"loc":{"start":{"line":105,"column":46},"end":{"line":105,"column":51}},"line":105},"15":{"name":"(anonymous_15)","decl":{"start":{"line":106,"column":36},"end":{"line":106,"column":37}},"loc":{"start":{"line":106,"column":46},"end":{"line":106,"column":51}},"line":106},"16":{"name":"(anonymous_16)","decl":{"start":{"line":107,"column":37},"end":{"line":107,"column":38}},"loc":{"start":{"line":107,"column":55},"end":{"line":107,"column":78}},"line":107},"17":{"name":"(anonymous_17)","decl":{"start":{"line":108,"column":37},"end":{"line":108,"column":38}},"loc":{"start":{"line":108,"column":51},"end":{"line":108,"column":73}},"line":108},"18":{"name":"(anonymous_18)","decl":{"start":{"line":116,"column":4},"end":{"line":116,"column":5}},"loc":{"start":{"line":116,"column":49},"end":{"line":138,"column":5}},"line":116},"19":{"name":"(anonymous_19)","decl":{"start":{"line":135,"column":54},"end":{"line":135,"column":55}},"loc":{"start":{"line":136,"column":12},"end":{"line":136,"column":53}},"line":136},"20":{"name":"(anonymous_20)","decl":{"start":{"line":140,"column":4},"end":{"line":140,"column":5}},"loc":{"start":{"line":140,"column":34},"end":{"line":147,"column":5}},"line":140},"21":{"name":"(anonymous_21)","decl":{"start":{"line":149,"column":4},"end":{"line":149,"column":5}},"loc":{"start":{"line":149,"column":46},"end":{"line":158,"column":5}},"line":149}},"branchMap":{"0":{"loc":{"start":{"line":34,"column":40},"end":{"line":34,"column":59}},"type":"default-arg","locations":[{"start":{"line":34,"column":55},"end":{"line":34,"column":59}}],"line":34},"1":{"loc":{"start":{"line":78,"column":12},"end":{"line":83,"column":13}},"type":"if","locations":[{"start":{"line":78,"column":12},"end":{"line":83,"column":13}},{"start":{"line":80,"column":19},"end":{"line":83,"column":13}}],"line":78}},"s":{"0":0,"1":0,"2":0,"3":0,"4":0,"5":0,"6":0,"7":0,"8":0,"9":0,"10":0,"11":0,"12":0,"13":0,"14":0,"15":0,"16":0,"17":0,"18":0,"19":0,"20":0,"21":0,"22":0,"23":0,"24":0,"25":0,"26":0,"27":0,"28":0,"29":0,"30":0,"31":0,"32":0,"33":0,"34":0,"35":0,"36":0,"37":0,"38":0,"39":0,"40":0,"41":0,"42":0,"43":0,"44":0,"45":0,"46":0,"47":0,"48":0,"49":0,"50":0,"51":0,"52":0,"53":0,"54":0,"55":0,"56":0,"57":0,"58":0,"59":0},"f":{"0":0,"1":0,"2":0,"3":0,"4":0,"5":0,"6":0,"7":0,"8":0,"9":0,"10":0,"11":0,"12":0,"13":0,"14":0,"15":0,"16":0,"17":0,"18":0,"19":0,"20":0,"21":0},"b":{"0":[0],"1":[0,0]}}
,"/Users/apple/Downloads/pollenOS-windsurf/web-interface/server/analytics/portfolio-optimizer.js": {"path":"/Users/apple/Downloads/pollenOS-windsurf/web-interface/server/analytics/portfolio-optimizer.js","statementMap":{"0":{"start":{"line":1,"column":16},"end":{"line":1,"column":34}},"1":{"start":{"line":2,"column":13},"end":{"line":2,"column":28}},"2":{"start":{"line":4,"column":15},"end":{"line":4,"column":67}},"3":{"start":{"line":5,"column":11},"end":{"line":5,"column":39}},"4":{"start":{"line":9,"column":8},"end":{"line":9,"column":32}},"5":{"start":{"line":13,"column":8},"end":{"line":24,"column":11}},"6":{"start":{"line":28,"column":8},"end":{"line":64,"column":9}},"7":{"start":{"line":30,"column":31},"end":{"line":30,"column":75}},"8":{"start":{"line":33,"column":36},"end":{"line":33,"column":79}},"9":{"start":{"line":36,"column":30},"end":{"line":39,"column":13}},"10":{"start":{"line":42,"column":28},"end":{"line":42,"column":61}},"11":{"start":{"line":43,"column":35},"end":{"line":43,"column":59}},"12":{"start":{"line":44,"column":31},"end":{"line":44,"column":51}},"13":{"start":{"line":45,"column":32},"end":{"line":45,"column":53}},"14":{"start":{"line":47,"column":12},"end":{"line":53,"column":14}},"15":{"start":{"line":55,"column":12},"end":{"line":60,"column":14}},"16":{"start":{"line":62,"column":12},"end":{"line":62,"column":67}},"17":{"start":{"line":63,"column":12},"end":{"line":63,"column":24}},"18":{"start":{"line":68,"column":18},"end":{"line":68,"column":32}},"19":{"start":{"line":69,"column":18},"end":{"line":69,"column":35}},"20":{"start":{"line":70,"column":21},"end":{"line":70,"column":41}},"21":{"start":{"line":71,"column":27},"end":{"line":71,"column":70}},"22":{"start":{"line":71,"column":53},"end":{"line":71,"column":69}},"23":{"start":{"line":74,"column":8},"end":{"line":79,"column":9}},"24":{"start":{"line":74,"column":21},"end":{"line":74,"column":22}},"25":{"start":{"line":75,"column":12},"end":{"line":77,"column":13}},"26":{"start":{"line":75,"column":25},"end":{"line":75,"column":26}},"27":{"start":{"line":76,"column":16},"end":{"line":76,"column":41}},"28":{"start":{"line":78,"column":12},"end":{"line":78,"column":25}},"29":{"start":{"line":82,"column":8},"end":{"line":91,"column":9}},"30":{"start":{"line":82,"column":21},"end":{"line":82,"column":22}},"31":{"start":{"line":83,"column":12},"end":{"line":90,"column":13}},"32":{"start":{"line":83,"column":25},"end":{"line":83,"column":26}},"33":{"start":{"line":84,"column":16},"end":{"line":88,"column":17}},"34":{"start":{"line":84,"column":29},"end":{"line":84,"column":30}},"35":{"start":{"line":85,"column":20},"end":{"line":87,"column":50}},"36":{"start":{"line":89,"column":16},"end":{"line":89,"column":44}},"37":{"start":{"line":93,"column":8},"end":{"line":93,"column":26}},"38":{"start":{"line":97,"column":8},"end":{"line":99,"column":82}},"39":{"start":{"line":98,"column":12},"end":{"line":98,"column":54}},"40":{"start":{"line":98,"column":40},"end":{"line":98,"column":52}},"41":{"start":{"line":99,"column":60},"end":{"line":99,"column":80}},"42":{"start":{"line":103,"column":18},"end":{"line":103,"column":40}},"43":{"start":{"line":104,"column":24},"end":{"line":104,"column":46}},"44":{"start":{"line":105,"column":25},"end":{"line":105,"column":26}},"45":{"start":{"line":106,"column":29},"end":{"line":106,"column":30}},"46":{"start":{"line":107,"column":26},"end":{"line":107,"column":27}},"47":{"start":{"line":110,"column":8},"end":{"line":115,"column":9}},"48":{"start":{"line":110,"column":21},"end":{"line":110,"column":22}},"49":{"start":{"line":111,"column":12},"end":{"line":111,"column":62}},"50":{"start":{"line":112,"column":12},"end":{"line":114,"column":13}},"51":{"start":{"line":112,"column":25},"end":{"line":112,"column":26}},"52":{"start":{"line":113,"column":16},"end":{"line":113,"column":73}},"53":{"start":{"line":117,"column":8},"end":{"line":117,"column":43}},"54":{"start":{"line":118,"column":8},"end":{"line":118,"column":50}},"55":{"start":{"line":120,"column":8},"end":{"line":125,"column":10}},"56":{"start":{"line":129,"column":21},"end":{"line":133,"column":10}},"57":{"start":{"line":135,"column":8},"end":{"line":141,"column":10}},"58":{"start":{"line":145,"column":8},"end":{"line":150,"column":22}},"59":{"start":{"line":154,"column":0},"end":{"line":154,"column":42}}},"fnMap":{"0":{"name":"(anonymous_0)","decl":{"start":{"line":8,"column":4},"end":{"line":8,"column":5}},"loc":{"start":{"line":8,"column":18},"end":{"line":10,"column":5}},"line":8},"1":{"name":"(anonymous_1)","decl":{"start":{"line":12,"column":4},"end":{"line":12,"column":5}},"loc":{"start":{"line":12,"column":23},"end":{"line":25,"column":5}},"line":12},"2":{"name":"(anonymous_2)","decl":{"start":{"line":27,"column":4},"end":{"line":27,"column":5}},"loc":{"start":{"line":27,"column":49},"end":{"line":65,"column":5}},"line":27},"3":{"name":"(anonymous_3)","decl":{"start":{"line":67,"column":4},"end":{"line":67,"column":5}},"loc":{"start":{"line":67,"column":39},"end":{"line":94,"column":5}},"line":67},"4":{"name":"(anonymous_4)","decl":{"start":{"line":71,"column":47},"end":{"line":71,"column":48}},"loc":{"start":{"line":71,"column":53},"end":{"line":71,"column":69}},"line":71},"5":{"name":"(anonymous_5)","decl":{"start":{"line":96,"column":4},"end":{"line":96,"column":5}},"loc":{"start":{"line":96,"column":38},"end":{"line":100,"column":5}},"line":96},"6":{"name":"(anonymous_6)","decl":{"start":{"line":97,"column":30},"end":{"line":97,"column":31}},"loc":{"start":{"line":97,"column":45},"end":{"line":99,"column":9}},"line":97},"7":{"name":"(anonymous_7)","decl":{"start":{"line":98,"column":28},"end":{"line":98,"column":29}},"loc":{"start":{"line":98,"column":40},"end":{"line":98,"column":52}},"line":98},"8":{"name":"(anonymous_8)","decl":{"start":{"line":99,"column":53},"end":{"line":99,"column":54}},"loc":{"start":{"line":99,"column":60},"end":{"line":99,"column":80}},"line":99},"9":{"name":"(anonymous_9)","decl":{"start":{"line":102,"column":4},"end":{"line":102,"column":5}},"loc":{"start":{"line":102,"column":58},"end":{"line":126,"column":5}},"line":102},"10":{"name":"(anonymous_10)","decl":{"start":{"line":128,"column":4},"end":{"line":128,"column":5}},"loc":{"start":{"line":128,"column":90},"end":{"line":142,"column":5}},"line":128},"11":{"name":"(anonymous_11)","decl":{"start":{"line":144,"column":4},"end":{"line":144,"column":5}},"loc":{"start":{"line":144,"column":39},"end":{"line":151,"column":5}},"line":144}},"branchMap":{},"s":{"0":0,"1":0,"2":0,"3":0,"4":0,"5":0,"6":0,"7":0,"8":0,"9":0,"10":0,"11":0,"12":0,"13":0,"14":0,"15":0,"16":0,"17":0,"18":0,"19":0,"20":0,"21":0,"22":0,"23":0,"24":0,"25":0,"26":0,"27":0,"28":0,"29":0,"30":0,"31":0,"32":0,"33":0,"34":0,"35":0,"36":0,"37":0,"38":0,"39":0,"40":0,"41":0,"42":0,"43":0,"44":0,"45":0,"46":0,"47":0,"48":0,"49":0,"50":0,"51":0,"52":0,"53":0,"54":0,"55":0,"56":0,"57":0,"58":0,"59":0},"f":{"0":0,"1":0,"2":0,"3":0,"4":0,"5":0,"6":0,"7":0,"8":0,"9":0,"10":0,"11":0},"b":{}}
,"/Users/apple/Downloads/pollenOS-windsurf/web-interface/server/analytics/validation-framework.js": {"path":"/Users/apple/Downloads/pollenOS-windsurf/web-interface/server/analytics/validation-framework.js","statementMap":{"0":{"start":{"line":1,"column":16},"end":{"line":1,"column":44}},"1":{"start":{"line":2,"column":13},"end":{"line":2,"column":28}},"2":{"start":{"line":3,"column":25},"end":{"line":3,"column":42}},"3":{"start":{"line":5,"column":15},"end":{"line":5,"column":67}},"4":{"start":{"line":6,"column":11},"end":{"line":6,"column":39}},"5":{"start":{"line":10,"column":8},"end":{"line":10,"column":16}},"6":{"start":{"line":11,"column":8},"end":{"line":11,"column":32}},"7":{"start":{"line":12,"column":8},"end":{"line":18,"column":10}},"8":{"start":{"line":22,"column":8},"end":{"line":34,"column":11}},"9":{"start":{"line":38,"column":8},"end":{"line":55,"column":9}},"10":{"start":{"line":39,"column":28},"end":{"line":39,"column":62}},"11":{"start":{"line":40,"column":28},"end":{"line":40,"column":57}},"12":{"start":{"line":41,"column":37},"end":{"line":46,"column":13}},"13":{"start":{"line":42,"column":45},"end":{"line":42,"column":53}},"14":{"start":{"line":45,"column":49},"end":{"line":45,"column":58}},"15":{"start":{"line":45,"column":69},"end":{"line":45,"column":75}},"16":{"start":{"line":48,"column":12},"end":{"line":48,"column":60}},"17":{"start":{"line":49,"column":12},"end":{"line":49,"column":76}},"18":{"start":{"line":51,"column":12},"end":{"line":51,"column":36}},"19":{"start":{"line":53,"column":12},"end":{"line":53,"column":60}},"20":{"start":{"line":54,"column":12},"end":{"line":54,"column":24}},"21":{"start":{"line":59,"column":47},"end":{"line":63,"column":10}},"22":{"start":{"line":65,"column":28},"end":{"line":65,"column":68}},"23":{"start":{"line":66,"column":28},"end":{"line":66,"column":68}},"24":{"start":{"line":67,"column":24},"end":{"line":67,"column":73}},"25":{"start":{"line":69,"column":8},"end":{"line":77,"column":10}},"26":{"start":{"line":81,"column":8},"end":{"line":112,"column":10}},"27":{"start":{"line":118,"column":24},"end":{"line":124,"column":9}},"28":{"start":{"line":126,"column":33},"end":{"line":132,"column":9}},"29":{"start":{"line":134,"column":8},"end":{"line":136,"column":14}},"30":{"start":{"line":135,"column":12},"end":{"line":135,"column":69}},"31":{"start":{"line":140,"column":8},"end":{"line":152,"column":11}},"32":{"start":{"line":141,"column":12},"end":{"line":151,"column":14}},"33":{"start":{"line":148,"column":20},"end":{"line":148,"column":48}},"34":{"start":{"line":148,"column":29},"end":{"line":148,"column":48}},"35":{"start":{"line":149,"column":20},"end":{"line":149,"column":40}},"36":{"start":{"line":157,"column":27},"end":{"line":157,"column":54}},"37":{"start":{"line":158,"column":27},"end":{"line":158,"column":60}},"38":{"start":{"line":159,"column":8},"end":{"line":159,"column":63}},"39":{"start":{"line":163,"column":19},"end":{"line":163,"column":28}},"40":{"start":{"line":164,"column":26},"end":{"line":164,"column":27}},"41":{"start":{"line":166,"column":8},"end":{"line":170,"column":9}},"42":{"start":{"line":167,"column":12},"end":{"line":167,"column":39}},"43":{"start":{"line":167,"column":28},"end":{"line":167,"column":39}},"44":{"start":{"line":168,"column":29},"end":{"line":168,"column":55}},"45":{"start":{"line":169,"column":12},"end":{"line":169,"column":63}},"46":{"start":{"line":169,"column":40},"end":{"line":169,"column":63}},"47":{"start":{"line":172,"column":8},"end":{"line":172,"column":27}},"48":{"start":{"line":176,"column":8},"end":{"line":189,"column":11}},"49":{"start":{"line":177,"column":12},"end":{"line":188,"column":14}},"50":{"start":{"line":185,"column":20},"end":{"line":185,"column":57}},"51":{"start":{"line":185,"column":38},"end":{"line":185,"column":57}},"52":{"start":{"line":186,"column":20},"end":{"line":186,"column":59}},"53":{"start":{"line":186,"column":42},"end":{"line":186,"column":56}},"54":{"start":{"line":193,"column":8},"end":{"line":206,"column":11}},"55":{"start":{"line":194,"column":12},"end":{"line":205,"column":14}},"56":{"start":{"line":202,"column":20},"end":{"line":202,"column":75}},"57":{"start":{"line":202,"column":37},"end":{"line":202,"column":75}},"58":{"start":{"line":203,"column":20},"end":{"line":203,"column":33}},"59":{"start":{"line":210,"column":8},"end":{"line":224,"column":11}},"60":{"start":{"line":211,"column":12},"end":{"line":223,"column":14}},"61":{"start":{"line":220,"column":20},"end":{"line":220,"column":56}},"62":{"start":{"line":220,"column":37},"end":{"line":220,"column":56}},"63":{"start":{"line":221,"column":20},"end":{"line":221,"column":33}},"64":{"start":{"line":228,"column":8},"end":{"line":247,"column":11}},"65":{"start":{"line":229,"column":12},"end":{"line":246,"column":14}},"66":{"start":{"line":243,"column":20},"end":{"line":243,"column":48}},"67":{"start":{"line":243,"column":29},"end":{"line":243,"column":48}},"68":{"start":{"line":244,"column":20},"end":{"line":244,"column":41}},"69":{"start":{"line":251,"column":8},"end":{"line":251,"column":36}},"70":{"start":{"line":251,"column":27},"end":{"line":251,"column":36}},"71":{"start":{"line":252,"column":8},"end":{"line":252,"column":63}},"72":{"start":{"line":252,"column":38},"end":{"line":252,"column":43}},"73":{"start":{"line":256,"column":8},"end":{"line":256,"column":41}},"74":{"start":{"line":256,"column":32},"end":{"line":256,"column":41}},"75":{"start":{"line":257,"column":21},"end":{"line":257,"column":48}},"76":{"start":{"line":258,"column":29},"end":{"line":258,"column":68}},"77":{"start":{"line":258,"column":46},"end":{"line":258,"column":67}},"78":{"start":{"line":259,"column":8},"end":{"line":259,"column":59}},"79":{"start":{"line":263,"column":0},"end":{"line":263,"column":43}}},"fnMap":{"0":{"name":"(anonymous_0)","decl":{"start":{"line":9,"column":4},"end":{"line":9,"column":5}},"loc":{"start":{"line":9,"column":18},"end":{"line":19,"column":5}},"line":9},"1":{"name":"(anonymous_1)","decl":{"start":{"line":21,"column":4},"end":{"line":21,"column":5}},"loc":{"start":{"line":21,"column":23},"end":{"line":35,"column":5}},"line":21},"2":{"name":"(anonymous_2)","decl":{"start":{"line":37,"column":4},"end":{"line":37,"column":5}},"loc":{"start":{"line":37,"column":31},"end":{"line":56,"column":5}},"line":37},"3":{"name":"(anonymous_3)","decl":{"start":{"line":42,"column":40},"end":{"line":42,"column":41}},"loc":{"start":{"line":42,"column":45},"end":{"line":42,"column":53}},"line":42},"4":{"name":"(anonymous_4)","decl":{"start":{"line":45,"column":44},"end":{"line":45,"column":45}},"loc":{"start":{"line":45,"column":49},"end":{"line":45,"column":58}},"line":45},"5":{"name":"(anonymous_5)","decl":{"start":{"line":45,"column":64},"end":{"line":45,"column":65}},"loc":{"start":{"line":45,"column":69},"end":{"line":45,"column":75}},"line":45},"6":{"name":"(anonymous_6)","decl":{"start":{"line":58,"column":4},"end":{"line":58,"column":5}},"loc":{"start":{"line":58,"column":34},"end":{"line":78,"column":5}},"line":58},"7":{"name":"(anonymous_7)","decl":{"start":{"line":80,"column":4},"end":{"line":80,"column":5}},"loc":{"start":{"line":80,"column":29},"end":{"line":113,"column":5}},"line":80},"8":{"name":"(anonymous_8)","decl":{"start":{"line":115,"column":4},"end":{"line":115,"column":5}},"loc":{"start":{"line":115,"column":35},"end":{"line":137,"column":5}},"line":115},"9":{"name":"(anonymous_9)","decl":{"start":{"line":134,"column":46},"end":{"line":134,"column":47}},"loc":{"start":{"line":134,"column":75},"end":{"line":136,"column":9}},"line":134},"10":{"name":"(anonymous_10)","decl":{"start":{"line":139,"column":4},"end":{"line":139,"column":5}},"loc":{"start":{"line":139,"column":50},"end":{"line":153,"column":5}},"line":139},"11":{"name":"(anonymous_11)","decl":{"start":{"line":140,"column":27},"end":{"line":140,"column":28}},"loc":{"start":{"line":140,"column":48},"end":{"line":152,"column":9}},"line":140},"12":{"name":"(anonymous_12)","decl":{"start":{"line":147,"column":16},"end":{"line":147,"column":17}},"loc":{"start":{"line":147,"column":31},"end":{"line":150,"column":17}},"line":147},"13":{"name":"(anonymous_13)","decl":{"start":{"line":156,"column":4},"end":{"line":156,"column":5}},"loc":{"start":{"line":156,"column":61},"end":{"line":160,"column":5}},"line":156},"14":{"name":"(anonymous_14)","decl":{"start":{"line":162,"column":4},"end":{"line":162,"column":5}},"loc":{"start":{"line":162,"column":40},"end":{"line":173,"column":5}},"line":162},"15":{"name":"(anonymous_15)","decl":{"start":{"line":175,"column":4},"end":{"line":175,"column":5}},"loc":{"start":{"line":175,"column":44},"end":{"line":190,"column":5}},"line":175},"16":{"name":"(anonymous_16)","decl":{"start":{"line":176,"column":27},"end":{"line":176,"column":28}},"loc":{"start":{"line":176,"column":40},"end":{"line":189,"column":9}},"line":176},"17":{"name":"(anonymous_17)","decl":{"start":{"line":184,"column":16},"end":{"line":184,"column":17}},"loc":{"start":{"line":184,"column":31},"end":{"line":187,"column":17}},"line":184},"18":{"name":"(anonymous_18)","decl":{"start":{"line":186,"column":37},"end":{"line":186,"column":38}},"loc":{"start":{"line":186,"column":42},"end":{"line":186,"column":56}},"line":186},"19":{"name":"(anonymous_19)","decl":{"start":{"line":192,"column":4},"end":{"line":192,"column":5}},"loc":{"start":{"line":192,"column":31},"end":{"line":207,"column":5}},"line":192},"20":{"name":"(anonymous_20)","decl":{"start":{"line":193,"column":27},"end":{"line":193,"column":28}},"loc":{"start":{"line":193,"column":40},"end":{"line":206,"column":9}},"line":193},"21":{"name":"(anonymous_21)","decl":{"start":{"line":201,"column":16},"end":{"line":201,"column":17}},"loc":{"start":{"line":201,"column":30},"end":{"line":204,"column":17}},"line":201},"22":{"name":"(anonymous_22)","decl":{"start":{"line":209,"column":4},"end":{"line":209,"column":5}},"loc":{"start":{"line":209,"column":39},"end":{"line":225,"column":5}},"line":209},"23":{"name":"(anonymous_23)","decl":{"start":{"line":210,"column":27},"end":{"line":210,"column":28}},"loc":{"start":{"line":210,"column":40},"end":{"line":224,"column":9}},"line":210},"24":{"name":"(anonymous_24)","decl":{"start":{"line":219,"column":16},"end":{"line":219,"column":17}},"loc":{"start":{"line":219,"column":30},"end":{"line":222,"column":17}},"line":219},"25":{"name":"(anonymous_25)","decl":{"start":{"line":227,"column":4},"end":{"line":227,"column":5}},"loc":{"start":{"line":227,"column":37},"end":{"line":248,"column":5}},"line":227},"26":{"name":"(anonymous_26)","decl":{"start":{"line":228,"column":27},"end":{"line":228,"column":28}},"loc":{"start":{"line":228,"column":48},"end":{"line":247,"column":9}},"line":228},"27":{"name":"(anonymous_27)","decl":{"start":{"line":242,"column":16},"end":{"line":242,"column":17}},"loc":{"start":{"line":242,"column":30},"end":{"line":245,"column":17}},"line":242},"28":{"name":"(anonymous_28)","decl":{"start":{"line":250,"column":4},"end":{"line":250,"column":5}},"loc":{"start":{"line":250,"column":25},"end":{"line":253,"column":5}},"line":250},"29":{"name":"(anonymous_29)","decl":{"start":{"line":252,"column":28},"end":{"line":252,"column":29}},"loc":{"start":{"line":252,"column":38},"end":{"line":252,"column":43}},"line":252},"30":{"name":"(anonymous_30)","decl":{"start":{"line":255,"column":4},"end":{"line":255,"column":5}},"loc":{"start":{"line":255,"column":33},"end":{"line":260,"column":5}},"line":255},"31":{"name":"(anonymous_31)","decl":{"start":{"line":258,"column":41},"end":{"line":258,"column":42}},"loc":{"start":{"line":258,"column":46},"end":{"line":258,"column":67}},"line":258}},"branchMap":{"0":{"loc":{"start":{"line":67,"column":24},"end":{"line":67,"column":73}},"type":"cond-expr","locations":[{"start":{"line":67,"column":43},"end":{"line":67,"column":69}},{"start":{"line":67,"column":72},"end":{"line":67,"column":73}}],"line":67},"1":{"loc":{"start":{"line":139,"column":38},"end":{"line":139,"column":48}},"type":"default-arg","locations":[{"start":{"line":139,"column":46},"end":{"line":139,"column":48}}],"line":139},"2":{"loc":{"start":{"line":148,"column":20},"end":{"line":148,"column":48}},"type":"if","locations":[{"start":{"line":148,"column":20},"end":{"line":148,"column":48}},{"start":{},"end":{}}],"line":148},"3":{"loc":{"start":{"line":149,"column":28},"end":{"line":149,"column":38}},"type":"binary-expr","locations":[{"start":{"line":149,"column":28},"end":{"line":149,"column":32}},{"start":{"line":149,"column":36},"end":{"line":149,"column":38}}],"line":149},"4":{"loc":{"start":{"line":156,"column":40},"end":{"line":156,"column":59}},"type":"default-arg","locations":[{"start":{"line":156,"column":55},"end":{"line":156,"column":59}}],"line":156},"5":{"loc":{"start":{"line":159,"column":46},"end":{"line":159,"column":61}},"type":"binary-expr","locations":[{"start":{"line":159,"column":46},"end":{"line":159,"column":56}},{"start":{"line":159,"column":60},"end":{"line":159,"column":61}}],"line":159},"6":{"loc":{"start":{"line":167,"column":12},"end":{"line":167,"column":39}},"type":"if","locations":[{"start":{"line":167,"column":12},"end":{"line":167,"column":39}},{"start":{},"end":{}}],"line":167},"7":{"loc":{"start":{"line":168,"column":45},"end":{"line":168,"column":54}},"type":"binary-expr","locations":[{"start":{"line":168,"column":45},"end":{"line":168,"column":49}},{"start":{"line":168,"column":53},"end":{"line":168,"column":54}}],"line":168},"8":{"loc":{"start":{"line":169,"column":12},"end":{"line":169,"column":63}},"type":"if","locations":[{"start":{"line":169,"column":12},"end":{"line":169,"column":63}},{"start":{},"end":{}}],"line":169},"9":{"loc":{"start":{"line":185,"column":20},"end":{"line":185,"column":57}},"type":"if","locations":[{"start":{"line":185,"column":20},"end":{"line":185,"column":57}},{"start":{},"end":{}}],"line":185},"10":{"loc":{"start":{"line":185,"column":24},"end":{"line":185,"column":36}},"type":"binary-expr","locations":[{"start":{"line":185,"column":24},"end":{"line":185,"column":27}},{"start":{"line":185,"column":31},"end":{"line":185,"column":36}}],"line":185},"11":{"loc":{"start":{"line":202,"column":20},"end":{"line":202,"column":75}},"type":"if","locations":[{"start":{"line":202,"column":20},"end":{"line":202,"column":75}},{"start":{},"end":{}}],"line":202},"12":{"loc":{"start":{"line":202,"column":24},"end":{"line":202,"column":35}},"type":"binary-expr","locations":[{"start":{"line":202,"column":24},"end":{"line":202,"column":27}},{"start":{"line":202,"column":31},"end":{"line":202,"column":35}}],"line":202},"13":{"loc":{"start":{"line":220,"column":20},"end":{"line":220,"column":56}},"type":"if","locations":[{"start":{"line":220,"column":20},"end":{"line":220,"column":56}},{"start":{},"end":{}}],"line":220},"14":{"loc":{"start":{"line":220,"column":24},"end":{"line":220,"column":35}},"type":"binary-expr","locations":[{"start":{"line":220,"column":24},"end":{"line":220,"column":27}},{"start":{"line":220,"column":31},"end":{"line":220,"column":35}}],"line":220},"15":{"loc":{"start":{"line":238,"column":20},"end":{"line":240,"column":55}},"type":"cond-expr","locations":[{"start":{"line":239,"column":26},"end":{"line":239,"column":74}},{"start":{"line":240,"column":26},"end":{"line":240,"column":55}}],"line":238},"16":{"loc":{"start":{"line":243,"column":20},"end":{"line":243,"column":48}},"type":"if","locations":[{"start":{"line":243,"column":20},"end":{"line":243,"column":48}},{"start":{},"end":{}}],"line":243},"17":{"loc":{"start":{"line":251,"column":8},"end":{"line":251,"column":36}},"type":"if","locations":[{"start":{"line":251,"column":8},"end":{"line":251,"column":36}},{"start":{},"end":{}}],"line":251},"18":{"loc":{"start":{"line":256,"column":8},"end":{"line":256,"column":41}},"type":"if","locations":[{"start":{"line":256,"column":8},"end":{"line":256,"column":41}},{"start":{},"end":{}}],"line":256}},"s":{"0":0,"1":0,"2":0,"3":0,"4":0,"5":0,"6":0,"7":0,"8":0,"9":0,"10":0,"11":0,"12":0,"13":0,"14":0,"15":0,"16":0,"17":0,"18":0,"19":0,"20":0,"21":0,"22":0,"23":0,"24":0,"25":0,"26":0,"27":0,"28":0,"29":0,"30":0,"31":0,"32":0,"33":0,"34":0,"35":0,"36":0,"37":0,"38":0,"39":0,"40":0,"41":0,"42":0,"43":0,"44":0,"45":0,"46":0,"47":0,"48":0,"49":0,"50":0,"51":0,"52":0,"53":0,"54":0,"55":0,"56":0,"57":0,"58":0,"59":0,"60":0,"61":0,"62":0,"63":0,"64":0,"65":0,"66":0,"67":0,"68":0,"69":0,"70":0,"71":0,"72":0,"73":0,"74":0,"75":0,"76":0,"77":0,"78":0,"79":0},"f":{"0":0,"1":0,"2":0,"3":0,"4":0,"5":0,"6":0,"7":0,"8":0,"9":0,"10":0,"11":0,"12":0,"13":0,"14":0,"15":0,"16":0,"17":0,"18":0,"19":0,"20":0,"21":0,"22":0,"23":0,"24":0,"25":0,"26":0,"27":0,"28":0,"29":0,"30":0,"31":0},"b":{"0":[0,0],"1":[0],"2":[0,0],"3":[0,0],"4":[0],"5":[0,0],"6":[0,0],"7":[0,0],"8":[0,0],"9":[0,0],"10":[0,0],"11":[0,0],"12":[0,0],"13":[0,0],"14":[0,0],"15":[0,0],"16":[0,0],"17":[0,0],"18":[0,0]}}
}
